<?xml version="1.0" encoding="UTF-8"?>
<!-- Generated by org.testng.reporters.JUnitReportReporter -->
<testsuite name="pdf.reader.SimplePdfReaderTest" tests="1" time="32.944" ignored="0" failures="0" timestamp="06 Apr 2020 06:35:55 GMT" skipped="0" hostname="kntran-lap1" errors="0">
  <testcase name="test1" time="32.944" classname="pdf.reader.SimplePdfReaderTest"/>
</testsuite> <!-- pdf.reader.SimplePdfReaderTest -->
